<?xml version="1.0" encoding="UTF-8"?>
<!-- Generated by org.testng.reporters.JUnitXMLReporter -->
<testsuite ignored="0" hostname="DESKTOP-NFKBITM" failures="0" tests="5" name="Default test" time="190.664" errors="0" timestamp="2025-07-20T15:22:18 IST">
  <testcase classname="paralleltestingusingdataprovider.testclasses.TestClassMain" name="shopping" time="35.655">
    <skipped/>
  </testcase> <!-- shopping -->
  <testcase classname="paralleltestingusingdataprovider.testclasses.TestClassMain" name="shopping" time="48.504"/>
  <testcase classname="paralleltestingusingdataprovider.testclasses.TestClassMain" name="shopping" time="40.466"/>
  <testcase classname="paralleltestingusingdataprovider.testclasses.TestClassMain" name="checkMyOrders" time="15.631"/>
  <testcase classname="paralleltestingusingdataprovider.testclasses.TestClassMain" name="checkMyOrders" time="23.282"/>
</testsuite> <!-- Default test -->
