<?xml version="1.0" encoding="UTF-8"?>
<!-- Generated by org.testng.reporters.JUnitXMLReporter -->
<testsuite ignored="0" hostname="DESKTOP-NFKBITM" failures="0" tests="6" name="Default test" time="198.669" errors="0" timestamp="2025-07-26T21:41:05 IST">
  <testcase classname="paralleltestingusingdataprovider.testclasses.TestFromDataBase" name="shopping" time="39.969"/>
  <testcase classname="paralleltestingusingdataprovider.testclasses.TestFromDataBase" name="shopping" time="42.62"/>
  <testcase classname="paralleltestingusingdataprovider.testclasses.TestFromDataBase" name="shopping" time="36.37"/>
  <testcase classname="paralleltestingusingdataprovider.testclasses.TestFromDataBase" name="checkMyOrders" time="17.094"/>
  <testcase classname="paralleltestingusingdataprovider.testclasses.TestFromDataBase" name="checkMyOrders" time="14.781"/>
  <testcase classname="paralleltestingusingdataprovider.testclasses.TestFromDataBase" name="checkMyOrders" time="14.985"/>
</testsuite> <!-- Default test -->
