<?xml version="1.0" encoding="UTF-8"?>
<!-- Generated by org.testng.reporters.JUnitXMLReporter -->
<testsuite ignored="0" hostname="DESKTOP-NFKBITM" failures="0" tests="4" name="Test" time="97.116" errors="0" timestamp="2025-07-20T15:49:27 IST">
  <testcase classname="paralleltestingusingdataprovider.testclasses.TestClassForLoadTesting" name="shopping" time="53.261"/>
  <testcase classname="paralleltestingusingdataprovider.testclasses.TestClassForLoadTesting" name="shopping" time="58.829"/>
  <testcase classname="paralleltestingusingdataprovider.testclasses.TestClassForLoadTesting" name="checkMyOrders" time="21.232"/>
  <testcase classname="paralleltestingusingdataprovider.testclasses.TestClassForLoadTesting" name="checkMyOrders" time="28.2"/>
</testsuite> <!-- Test -->
