<?xml version="1.0" encoding="UTF-8"?>
<!-- Generated by org.testng.reporters.JUnitXMLReporter -->
<testsuite ignored="0" hostname="DESKTOP-NFKBITM" failures="0" tests="6" name="Test" time="118.462" errors="0" timestamp="2025-07-26T21:32:50 IST">
  <testcase classname="paralleltestingusingdataprovider.testclasses.TestClassForLoadTesting" name="shopping" time="62.531"/>
  <testcase classname="paralleltestingusingdataprovider.testclasses.TestClassForLoadTesting" name="shopping" time="64.863"/>
  <testcase classname="paralleltestingusingdataprovider.testclasses.TestClassForLoadTesting" name="shopping" time="66.295"/>
  <testcase classname="paralleltestingusingdataprovider.testclasses.TestClassForLoadTesting" name="checkMyOrders" time="38.291"/>
  <testcase classname="paralleltestingusingdataprovider.testclasses.TestClassForLoadTesting" name="checkMyOrders" time="38.688"/>
  <testcase classname="paralleltestingusingdataprovider.testclasses.TestClassForLoadTesting" name="checkMyOrders" time="34.957"/>
</testsuite> <!-- Test -->
