<?xml version="1.0" encoding="UTF-8"?>
<testng-results ignored="0" total="6" passed="6" failed="0" skipped="0">
  <reporter-output>
  </reporter-output>
  <suite started-at="2025-07-26T21:37:46 IST" name="Default suite" finished-at="2025-07-26T21:41:05 IST" duration-ms="198669">
    <groups>
    </groups>
    <test started-at="2025-07-26T21:37:46 IST" name="Default test" finished-at="2025-07-26T21:41:05 IST" duration-ms="198669">
      <class name="paralleltestingusingdataprovider.testclasses.TestFromDataBase">
        <test-method is-config="true" signature="launchBrowser()[pri:0, instance:paralleltestingusingdataprovider.testclasses.TestFromDataBase@692f203f]" started-at="2025-07-26T21:37:47 IST" name="launchBrowser" finished-at="2025-07-26T21:37:53 IST" duration-ms="5532" status="PASS">
          <reporter-output>
          </reporter-output>
        </test-method> <!-- launchBrowser -->
        <test-method signature="shopping(java.lang.String,java.lang.String,java.lang.String,java.lang.String,java.lang.String,java.lang.String,java.lang.String,java.lang.String,java.lang.String,java.lang.String,java.lang.String,java.lang.String)[pri:0, instance:paralleltestingusingdataprovider.testclasses.TestFromDataBase@692f203f]" started-at="2025-07-26T21:37:53 IST" name="shopping" data-provider="dataFromDataBase" finished-at="2025-07-26T21:38:33 IST" duration-ms="39969" status="PASS">
          <params>
            <param index="0">
              <value>
                <![CDATA[jaganmohan@ghk.com]]>
              </value>
            </param>
            <param index="1">
              <value>
                <![CDATA[JaganMohan@980]]>
              </value>
            </param>
            <param index="2">
              <value>
                <![CDATA[Hero Hoodie]]>
              </value>
            </param>
            <param index="3">
              <value>
                <![CDATA[Comp1]]>
              </value>
            </param>
            <param index="4">
              <value>
                <![CDATA[Syr 1]]>
              </value>
            </param>
            <param index="5">
              <value>
                <![CDATA[Syr 2]]>
              </value>
            </param>
            <param index="6">
              <value>
                <![CDATA[Syr 3]]>
              </value>
            </param>
            <param index="7">
              <value>
                <![CDATA[Key]]>
              </value>
            </param>
            <param index="8">
              <value>
                <![CDATA[Khaimen]]>
              </value>
            </param>
            <param index="9">
              <value>
                <![CDATA[900123]]>
              </value>
            </param>
            <param index="10">
              <value>
                <![CDATA[Syria]]>
              </value>
            </param>
            <param index="11">
              <value>
                <![CDATA[8970694321]]>
              </value>
            </param>
          </params>
          <reporter-output>
          </reporter-output>
        </test-method> <!-- shopping -->
        <test-method is-config="true" signature="tearDown()[pri:0, instance:paralleltestingusingdataprovider.testclasses.TestFromDataBase@692f203f]" started-at="2025-07-26T21:38:33 IST" name="tearDown" finished-at="2025-07-26T21:38:33 IST" duration-ms="199" status="PASS">
          <reporter-output>
          </reporter-output>
        </test-method> <!-- tearDown -->
        <test-method is-config="true" signature="launchBrowser()[pri:0, instance:paralleltestingusingdataprovider.testclasses.TestFromDataBase@692f203f]" started-at="2025-07-26T21:38:33 IST" name="launchBrowser" finished-at="2025-07-26T21:38:38 IST" duration-ms="4695" status="PASS">
          <reporter-output>
          </reporter-output>
        </test-method> <!-- launchBrowser -->
        <test-method signature="shopping(java.lang.String,java.lang.String,java.lang.String,java.lang.String,java.lang.String,java.lang.String,java.lang.String,java.lang.String,java.lang.String,java.lang.String,java.lang.String,java.lang.String)[pri:0, instance:paralleltestingusingdataprovider.testclasses.TestFromDataBase@692f203f]" started-at="2025-07-26T21:38:38 IST" name="shopping" data-provider="dataFromDataBase" finished-at="2025-07-26T21:39:20 IST" duration-ms="42620" status="PASS">
          <params>
            <param index="0">
              <value>
                <![CDATA[manmohan@gmai.com]]>
              </value>
            </param>
            <param index="1">
              <value>
                <![CDATA[Manmo@123]]>
              </value>
            </param>
            <param index="2">
              <value>
                <![CDATA[Hero Hoodie]]>
              </value>
            </param>
            <param index="3">
              <value>
                <![CDATA[com78]]>
              </value>
            </param>
            <param index="4">
              <value>
                <![CDATA[Run]]>
              </value>
            </param>
            <param index="5">
              <value>
                <![CDATA[Way]]>
              </value>
            </param>
            <param index="6">
              <value>
                <![CDATA[123]]>
              </value>
            </param>
            <param index="7">
              <value>
                <![CDATA[TCity]]>
              </value>
            </param>
            <param index="8">
              <value>
                <![CDATA[Main Region]]>
              </value>
            </param>
            <param index="9">
              <value>
                <![CDATA[780987]]>
              </value>
            </param>
            <param index="10">
              <value>
                <![CDATA[Togo]]>
              </value>
            </param>
            <param index="11">
              <value>
                <![CDATA[1276451899]]>
              </value>
            </param>
          </params>
          <reporter-output>
          </reporter-output>
        </test-method> <!-- shopping -->
        <test-method is-config="true" signature="tearDown()[pri:0, instance:paralleltestingusingdataprovider.testclasses.TestFromDataBase@692f203f]" started-at="2025-07-26T21:39:20 IST" name="tearDown" finished-at="2025-07-26T21:39:21 IST" duration-ms="452" status="PASS">
          <reporter-output>
          </reporter-output>
        </test-method> <!-- tearDown -->
        <test-method is-config="true" signature="launchBrowser()[pri:0, instance:paralleltestingusingdataprovider.testclasses.TestFromDataBase@692f203f]" started-at="2025-07-26T21:39:21 IST" name="launchBrowser" finished-at="2025-07-26T21:39:26 IST" duration-ms="5023" status="PASS">
          <reporter-output>
          </reporter-output>
        </test-method> <!-- launchBrowser -->
        <test-method signature="shopping(java.lang.String,java.lang.String,java.lang.String,java.lang.String,java.lang.String,java.lang.String,java.lang.String,java.lang.String,java.lang.String,java.lang.String,java.lang.String,java.lang.String)[pri:0, instance:paralleltestingusingdataprovider.testclasses.TestFromDataBase@692f203f]" started-at="2025-07-26T21:39:26 IST" name="shopping" data-provider="dataFromDataBase" finished-at="2025-07-26T21:40:02 IST" duration-ms="36370" status="PASS">
          <params>
            <param index="0">
              <value>
                <![CDATA[obama@gmai.com]]>
              </value>
            </param>
            <param index="1">
              <value>
                <![CDATA[Obahama@123]]>
              </value>
            </param>
            <param index="2">
              <value>
                <![CDATA[Hero Hoodie]]>
              </value>
            </param>
            <param index="3">
              <value>
                <![CDATA[com910]]>
              </value>
            </param>
            <param index="4">
              <value>
                <![CDATA[Run]]>
              </value>
            </param>
            <param index="5">
              <value>
                <![CDATA[Way]]>
              </value>
            </param>
            <param index="6">
              <value>
                <![CDATA[567]]>
              </value>
            </param>
            <param index="7">
              <value>
                <![CDATA[Vice city]]>
              </value>
            </param>
            <param index="8">
              <value>
                <![CDATA[Connecticut]]>
              </value>
            </param>
            <param index="9">
              <value>
                <![CDATA[798098]]>
              </value>
            </param>
            <param index="10">
              <value>
                <![CDATA[United States]]>
              </value>
            </param>
            <param index="11">
              <value>
                <![CDATA[1765245678]]>
              </value>
            </param>
          </params>
          <reporter-output>
          </reporter-output>
        </test-method> <!-- shopping -->
        <test-method is-config="true" signature="tearDown()[pri:0, instance:paralleltestingusingdataprovider.testclasses.TestFromDataBase@692f203f]" started-at="2025-07-26T21:40:02 IST" name="tearDown" finished-at="2025-07-26T21:40:02 IST" duration-ms="184" status="PASS">
          <reporter-output>
          </reporter-output>
        </test-method> <!-- tearDown -->
        <test-method is-config="true" signature="launchBrowser()[pri:0, instance:paralleltestingusingdataprovider.testclasses.TestFromDataBase@692f203f]" started-at="2025-07-26T21:40:02 IST" name="launchBrowser" finished-at="2025-07-26T21:40:07 IST" duration-ms="5038" status="PASS">
          <reporter-output>
          </reporter-output>
        </test-method> <!-- launchBrowser -->
        <test-method signature="checkMyOrders(java.lang.String,java.lang.String,java.lang.String,java.lang.String,java.lang.String,java.lang.String,java.lang.String,java.lang.String,java.lang.String,java.lang.String,java.lang.String,java.lang.String)[pri:0, instance:paralleltestingusingdataprovider.testclasses.TestFromDataBase@692f203f]" started-at="2025-07-26T21:40:07 IST" name="checkMyOrders" data-provider="dataFromDataBase" finished-at="2025-07-26T21:40:25 IST" depends-on-methods="paralleltestingusingdataprovider.testclasses.TestFromDataBase.shopping" duration-ms="17094" status="PASS">
          <params>
            <param index="0">
              <value>
                <![CDATA[jaganmohan@ghk.com]]>
              </value>
            </param>
            <param index="1">
              <value>
                <![CDATA[JaganMohan@980]]>
              </value>
            </param>
            <param index="2">
              <value>
                <![CDATA[Hero Hoodie]]>
              </value>
            </param>
            <param index="3">
              <value>
                <![CDATA[Comp1]]>
              </value>
            </param>
            <param index="4">
              <value>
                <![CDATA[Syr 1]]>
              </value>
            </param>
            <param index="5">
              <value>
                <![CDATA[Syr 2]]>
              </value>
            </param>
            <param index="6">
              <value>
                <![CDATA[Syr 3]]>
              </value>
            </param>
            <param index="7">
              <value>
                <![CDATA[Key]]>
              </value>
            </param>
            <param index="8">
              <value>
                <![CDATA[Khaimen]]>
              </value>
            </param>
            <param index="9">
              <value>
                <![CDATA[900123]]>
              </value>
            </param>
            <param index="10">
              <value>
                <![CDATA[Syria]]>
              </value>
            </param>
            <param index="11">
              <value>
                <![CDATA[8970694321]]>
              </value>
            </param>
          </params>
          <reporter-output>
          </reporter-output>
        </test-method> <!-- checkMyOrders -->
        <test-method is-config="true" signature="tearDown()[pri:0, instance:paralleltestingusingdataprovider.testclasses.TestFromDataBase@692f203f]" started-at="2025-07-26T21:40:25 IST" name="tearDown" finished-at="2025-07-26T21:40:25 IST" duration-ms="251" status="PASS">
          <reporter-output>
          </reporter-output>
        </test-method> <!-- tearDown -->
        <test-method is-config="true" signature="launchBrowser()[pri:0, instance:paralleltestingusingdataprovider.testclasses.TestFromDataBase@692f203f]" started-at="2025-07-26T21:40:25 IST" name="launchBrowser" finished-at="2025-07-26T21:40:30 IST" duration-ms="4833" status="PASS">
          <reporter-output>
          </reporter-output>
        </test-method> <!-- launchBrowser -->
        <test-method signature="checkMyOrders(java.lang.String,java.lang.String,java.lang.String,java.lang.String,java.lang.String,java.lang.String,java.lang.String,java.lang.String,java.lang.String,java.lang.String,java.lang.String,java.lang.String)[pri:0, instance:paralleltestingusingdataprovider.testclasses.TestFromDataBase@692f203f]" started-at="2025-07-26T21:40:30 IST" name="checkMyOrders" data-provider="dataFromDataBase" finished-at="2025-07-26T21:40:44 IST" depends-on-methods="paralleltestingusingdataprovider.testclasses.TestFromDataBase.shopping" duration-ms="14781" status="PASS">
          <params>
            <param index="0">
              <value>
                <![CDATA[manmohan@gmai.com]]>
              </value>
            </param>
            <param index="1">
              <value>
                <![CDATA[Manmo@123]]>
              </value>
            </param>
            <param index="2">
              <value>
                <![CDATA[Hero Hoodie]]>
              </value>
            </param>
            <param index="3">
              <value>
                <![CDATA[com78]]>
              </value>
            </param>
            <param index="4">
              <value>
                <![CDATA[Run]]>
              </value>
            </param>
            <param index="5">
              <value>
                <![CDATA[Way]]>
              </value>
            </param>
            <param index="6">
              <value>
                <![CDATA[123]]>
              </value>
            </param>
            <param index="7">
              <value>
                <![CDATA[TCity]]>
              </value>
            </param>
            <param index="8">
              <value>
                <![CDATA[Main Region]]>
              </value>
            </param>
            <param index="9">
              <value>
                <![CDATA[780987]]>
              </value>
            </param>
            <param index="10">
              <value>
                <![CDATA[Togo]]>
              </value>
            </param>
            <param index="11">
              <value>
                <![CDATA[1276451899]]>
              </value>
            </param>
          </params>
          <reporter-output>
          </reporter-output>
        </test-method> <!-- checkMyOrders -->
        <test-method is-config="true" signature="tearDown()[pri:0, instance:paralleltestingusingdataprovider.testclasses.TestFromDataBase@692f203f]" started-at="2025-07-26T21:40:44 IST" name="tearDown" finished-at="2025-07-26T21:40:45 IST" duration-ms="353" status="PASS">
          <reporter-output>
          </reporter-output>
        </test-method> <!-- tearDown -->
        <test-method is-config="true" signature="launchBrowser()[pri:0, instance:paralleltestingusingdataprovider.testclasses.TestFromDataBase@692f203f]" started-at="2025-07-26T21:40:45 IST" name="launchBrowser" finished-at="2025-07-26T21:40:50 IST" duration-ms="4738" status="PASS">
          <reporter-output>
          </reporter-output>
        </test-method> <!-- launchBrowser -->
        <test-method signature="checkMyOrders(java.lang.String,java.lang.String,java.lang.String,java.lang.String,java.lang.String,java.lang.String,java.lang.String,java.lang.String,java.lang.String,java.lang.String,java.lang.String,java.lang.String)[pri:0, instance:paralleltestingusingdataprovider.testclasses.TestFromDataBase@692f203f]" started-at="2025-07-26T21:40:50 IST" name="checkMyOrders" data-provider="dataFromDataBase" finished-at="2025-07-26T21:41:05 IST" depends-on-methods="paralleltestingusingdataprovider.testclasses.TestFromDataBase.shopping" duration-ms="14985" status="PASS">
          <params>
            <param index="0">
              <value>
                <![CDATA[obama@gmai.com]]>
              </value>
            </param>
            <param index="1">
              <value>
                <![CDATA[Obahama@123]]>
              </value>
            </param>
            <param index="2">
              <value>
                <![CDATA[Hero Hoodie]]>
              </value>
            </param>
            <param index="3">
              <value>
                <![CDATA[com910]]>
              </value>
            </param>
            <param index="4">
              <value>
                <![CDATA[Run]]>
              </value>
            </param>
            <param index="5">
              <value>
                <![CDATA[Way]]>
              </value>
            </param>
            <param index="6">
              <value>
                <![CDATA[567]]>
              </value>
            </param>
            <param index="7">
              <value>
                <![CDATA[Vice city]]>
              </value>
            </param>
            <param index="8">
              <value>
                <![CDATA[Connecticut]]>
              </value>
            </param>
            <param index="9">
              <value>
                <![CDATA[798098]]>
              </value>
            </param>
            <param index="10">
              <value>
                <![CDATA[United States]]>
              </value>
            </param>
            <param index="11">
              <value>
                <![CDATA[1765245678]]>
              </value>
            </param>
          </params>
          <reporter-output>
          </reporter-output>
        </test-method> <!-- checkMyOrders -->
        <test-method is-config="true" signature="tearDown()[pri:0, instance:paralleltestingusingdataprovider.testclasses.TestFromDataBase@692f203f]" started-at="2025-07-26T21:41:05 IST" name="tearDown" finished-at="2025-07-26T21:41:05 IST" duration-ms="216" status="PASS">
          <reporter-output>
          </reporter-output>
        </test-method> <!-- tearDown -->
      </class> <!-- paralleltestingusingdataprovider.testclasses.TestFromDataBase -->
    </test> <!-- Default test -->
  </suite> <!-- Default suite -->
</testng-results>
